Flow report for Random_Time_Generator
Thu Jan 10 21:29:15 2019
Quartus II 32-bit Version 11.1 Build 173 11/01/2011 SJ Web Edition


---------------------
; Table of Contents ;
---------------------
  1. Legal Notice
  2. Flow Summary
  3. Flow Settings
  4. Flow Non-Default Global Settings
  5. Flow Elapsed Time
  6. Flow OS Summary
  7. Flow Log



----------------
; Legal Notice ;
----------------
Copyright (C) 1991-2011 Altera Corporation
Your use of Altera Corporation's design tools, logic functions 
and other software and tools, and its AMPP partner logic 
functions, and any output files from any of the foregoing 
(including device programming or simulation files), and any 
associated documentation or information are expressly subject 
to the terms and conditions of the Altera Program License 
Subscription Agreement, Altera MegaCore Function License 
Agreement, or other applicable license agreement, including, 
without limitation, that your use is for the sole purpose of 
programming logic devices manufactured by Altera and sold by 
Altera or its authorized distributors.  Please refer to the 
applicable agreement for further details.



+-------------------------------------------------------------------------------+
; Flow Summary                                                                  ;
+------------------------------------+------------------------------------------+
; Flow Status                        ; Successful - Thu Jan 10 21:29:15 2019    ;
; Quartus II 32-bit Version          ; 11.1 Build 173 11/01/2011 SJ Web Edition ;
; Revision Name                      ; Random_Time_Generator                    ;
; Top-level Entity Name              ; Random_Time_Generator                    ;
; Family                             ; Cyclone II                               ;
; Device                             ; EP2C35F672C6                             ;
; Timing Models                      ; Final                                    ;
; Total logic elements               ; 144 / 33,216 ( < 1 % )                   ;
;     Total combinational functions  ; 144 / 33,216 ( < 1 % )                   ;
;     Dedicated logic registers      ; 38 / 33,216 ( < 1 % )                    ;
; Total registers                    ; 38                                       ;
; Total pins                         ; 41 / 475 ( 9 % )                         ;
; Total virtual pins                 ; 0                                        ;
; Total memory bits                  ; 0 / 483,840 ( 0 % )                      ;
; Embedded Multiplier 9-bit elements ; 0 / 70 ( 0 % )                           ;
; Total PLLs                         ; 0 / 4 ( 0 % )                            ;
+------------------------------------+------------------------------------------+


+-------------------------------------------+
; Flow Settings                             ;
+-------------------+-----------------------+
; Option            ; Setting               ;
+-------------------+-----------------------+
; Start date & time ; 01/10/2019 21:28:55   ;
; Main task         ; Compilation           ;
; Revision Name     ; Random_Time_Generator ;
+-------------------+-----------------------+


+------------------------------------------------------------------------------------------------------------------+
; Flow Non-Default Global Settings                                                                                 ;
+-------------------------------------+---------------------------------+---------------+-------------+------------+
; Assignment Name                     ; Value                           ; Default Value ; Entity Name ; Section Id ;
+-------------------------------------+---------------------------------+---------------+-------------+------------+
; COMPILER_SIGNATURE_ID               ; 193989698646168.154715213502512 ; --            ; --          ; --         ;
; IP_TOOL_NAME                        ; LPM_SHIFTREG                    ; --            ; --          ; --         ;
; IP_TOOL_NAME                        ; LPM_MULT                        ; --            ; --          ; --         ;
; IP_TOOL_NAME                        ; LPM_COUNTER                     ; --            ; --          ; --         ;
; IP_TOOL_VERSION                     ; 11.1                            ; --            ; --          ; --         ;
; IP_TOOL_VERSION                     ; 11.1                            ; --            ; --          ; --         ;
; IP_TOOL_VERSION                     ; 11.1                            ; --            ; --          ; --         ;
; MAX_CORE_JUNCTION_TEMP              ; 85                              ; --            ; --          ; --         ;
; MIN_CORE_JUNCTION_TEMP              ; 0                               ; --            ; --          ; --         ;
; MISC_FILE                           ; lpm_shiftreg0_LFSR_RANDOM.bsf   ; --            ; --          ; --         ;
; MISC_FILE                           ; lpm_shiftreg0_LFSR_RANDOM.cmp   ; --            ; --          ; --         ;
; MISC_FILE                           ; lpm_mult0_Random_Number_Gen.bsf ; --            ; --          ; --         ;
; MISC_FILE                           ; lpm_mult0_Random_Number_Gen.cmp ; --            ; --          ; --         ;
; MISC_FILE                           ; Contatore_Tempo_random.bsf      ; --            ; --          ; --         ;
; MISC_FILE                           ; Contatore_Tempo_random.cmp      ; --            ; --          ; --         ;
; PARTITION_COLOR                     ; 16764057                        ; --            ; --          ; Top        ;
; PARTITION_FITTER_PRESERVATION_LEVEL ; PLACEMENT_AND_ROUTING           ; --            ; --          ; Top        ;
; PARTITION_NETLIST_TYPE              ; SOURCE                          ; --            ; --          ; Top        ;
+-------------------------------------+---------------------------------+---------------+-------------+------------+


+-------------------------------------------------------------------------------------------------------------------------------+
; Flow Elapsed Time                                                                                                             ;
+---------------------------+--------------+-------------------------+---------------------+------------------------------------+
; Module Name               ; Elapsed Time ; Average Processors Used ; Peak Virtual Memory ; Total CPU Time (on all processors) ;
+---------------------------+--------------+-------------------------+---------------------+------------------------------------+
; Analysis & Synthesis      ; 00:00:05     ; 1.0                     ; 370 MB              ; 00:00:05                           ;
; Fitter                    ; 00:00:07     ; 1.0                     ; 452 MB              ; 00:00:06                           ;
; TimeQuest Timing Analyzer ; 00:00:03     ; 1.0                     ; 333 MB              ; 00:00:02                           ;
; Assembler                 ; 00:00:04     ; 1.0                     ; 374 MB              ; 00:00:03                           ;
; Total                     ; 00:00:19     ; --                      ; --                  ; 00:00:16                           ;
+---------------------------+--------------+-------------------------+---------------------+------------------------------------+


+----------------------------------------------------------------------------------------+
; Flow OS Summary                                                                        ;
+---------------------------+------------------+-----------+------------+----------------+
; Module Name               ; Machine Hostname ; OS Name   ; OS Version ; Processor type ;
+---------------------------+------------------+-----------+------------+----------------+
; Analysis & Synthesis      ; DESKTOP-OTM70VD  ; Windows 7 ; 6.2        ; x86_64         ;
; Fitter                    ; DESKTOP-OTM70VD  ; Windows 7 ; 6.2        ; x86_64         ;
; TimeQuest Timing Analyzer ; DESKTOP-OTM70VD  ; Windows 7 ; 6.2        ; x86_64         ;
; Assembler                 ; DESKTOP-OTM70VD  ; Windows 7 ; 6.2        ; x86_64         ;
+---------------------------+------------------+-----------+------------+----------------+


------------
; Flow Log ;
------------
quartus_map --read_settings_files=on --write_settings_files=off Random_Time_Generator -c Random_Time_Generator
quartus_fit --read_settings_files=off --write_settings_files=off Random_Time_Generator -c Random_Time_Generator
quartus_sta Random_Time_Generator -c Random_Time_Generator
quartus_asm --read_settings_files=off --write_settings_files=off Random_Time_Generator -c Random_Time_Generator



