Analysis & Synthesis report for Random_Time_Generator
Thu Jan 10 21:29:01 2019
Quartus II 32-bit Version 11.1 Build 173 11/01/2011 SJ Web Edition


---------------------
; Table of Contents ;
---------------------
  1. Legal Notice
  2. Analysis & Synthesis Summary
  3. Analysis & Synthesis Settings
  4. Parallel Compilation
  5. Analysis & Synthesis Source Files Read
  6. Analysis & Synthesis Resource Usage Summary
  7. Analysis & Synthesis Resource Utilization by Entity
  8. Analysis & Synthesis IP Cores Summary
  9. General Register Statistics
 10. Parameter Settings for User Entity Instance: Contatore_Tempo_random:inst8|lpm_counter:LPM_COUNTER_component
 11. Parameter Settings for User Entity Instance: lpm_mult0_Random_Number_Gen:inst6|lpm_mult:lpm_mult_component
 12. Parameter Settings for User Entity Instance: lpm_shiftreg0_LFSR_RANDOM:inst4|lpm_shiftreg:LPM_SHIFTREG_component
 13. lpm_mult Parameter Settings by Entity Instance
 14. lpm_shiftreg Parameter Settings by Entity Instance
 15. Elapsed Time Per Partition
 16. Analysis & Synthesis Messages



----------------
; Legal Notice ;
----------------
Copyright (C) 1991-2011 Altera Corporation
Your use of Altera Corporation's design tools, logic functions 
and other software and tools, and its AMPP partner logic 
functions, and any output files from any of the foregoing 
(including device programming or simulation files), and any 
associated documentation or information are expressly subject 
to the terms and conditions of the Altera Program License 
Subscription Agreement, Altera MegaCore Function License 
Agreement, or other applicable license agreement, including, 
without limitation, that your use is for the sole purpose of 
programming logic devices manufactured by Altera and sold by 
Altera or its authorized distributors.  Please refer to the 
applicable agreement for further details.



+-------------------------------------------------------------------------------+
; Analysis & Synthesis Summary                                                  ;
+------------------------------------+------------------------------------------+
; Analysis & Synthesis Status        ; Successful - Thu Jan 10 21:29:01 2019    ;
; Quartus II 32-bit Version          ; 11.1 Build 173 11/01/2011 SJ Web Edition ;
; Revision Name                      ; Random_Time_Generator                    ;
; Top-level Entity Name              ; Random_Time_Generator                    ;
; Family                             ; Cyclone II                               ;
; Total logic elements               ; 151                                      ;
;     Total combinational functions  ; 144                                      ;
;     Dedicated logic registers      ; 38                                       ;
; Total registers                    ; 38                                       ;
; Total pins                         ; 41                                       ;
; Total virtual pins                 ; 0                                        ;
; Total memory bits                  ; 0                                        ;
; Embedded Multiplier 9-bit elements ; 0                                        ;
; Total PLLs                         ; 0                                        ;
+------------------------------------+------------------------------------------+


+----------------------------------------------------------------------------------------------------------------------------+
; Analysis & Synthesis Settings                                                                                              ;
+----------------------------------------------------------------------------+-----------------------+-----------------------+
; Option                                                                     ; Setting               ; Default Value         ;
+----------------------------------------------------------------------------+-----------------------+-----------------------+
; Device                                                                     ; EP2C35F672C6          ;                       ;
; Top-level entity name                                                      ; Random_Time_Generator ; Random_Time_Generator ;
; Family name                                                                ; Cyclone II            ; Cyclone IV GX         ;
; Use smart compilation                                                      ; Off                   ; Off                   ;
; Enable parallel Assembler and TimeQuest Timing Analyzer during compilation ; On                    ; On                    ;
; Enable compact report table                                                ; Off                   ; Off                   ;
; Restructure Multiplexers                                                   ; Auto                  ; Auto                  ;
; Create Debugging Nodes for IP Cores                                        ; Off                   ; Off                   ;
; Preserve fewer node names                                                  ; On                    ; On                    ;
; Disable OpenCore Plus hardware evaluation                                  ; Off                   ; Off                   ;
; Verilog Version                                                            ; Verilog_2001          ; Verilog_2001          ;
; VHDL Version                                                               ; VHDL_1993             ; VHDL_1993             ;
; State Machine Processing                                                   ; Auto                  ; Auto                  ;
; Safe State Machine                                                         ; Off                   ; Off                   ;
; Extract Verilog State Machines                                             ; On                    ; On                    ;
; Extract VHDL State Machines                                                ; On                    ; On                    ;
; Ignore Verilog initial constructs                                          ; Off                   ; Off                   ;
; Iteration limit for constant Verilog loops                                 ; 5000                  ; 5000                  ;
; Iteration limit for non-constant Verilog loops                             ; 250                   ; 250                   ;
; Add Pass-Through Logic to Inferred RAMs                                    ; On                    ; On                    ;
; Infer RAMs from Raw Logic                                                  ; On                    ; On                    ;
; Parallel Synthesis                                                         ; On                    ; On                    ;
; DSP Block Balancing                                                        ; Auto                  ; Auto                  ;
; NOT Gate Push-Back                                                         ; On                    ; On                    ;
; Power-Up Don't Care                                                        ; On                    ; On                    ;
; Remove Redundant Logic Cells                                               ; Off                   ; Off                   ;
; Remove Duplicate Registers                                                 ; On                    ; On                    ;
; Ignore CARRY Buffers                                                       ; Off                   ; Off                   ;
; Ignore CASCADE Buffers                                                     ; Off                   ; Off                   ;
; Ignore GLOBAL Buffers                                                      ; Off                   ; Off                   ;
; Ignore ROW GLOBAL Buffers                                                  ; Off                   ; Off                   ;
; Ignore LCELL Buffers                                                       ; Off                   ; Off                   ;
; Ignore SOFT Buffers                                                        ; On                    ; On                    ;
; Limit AHDL Integers to 32 Bits                                             ; Off                   ; Off                   ;
; Optimization Technique                                                     ; Balanced              ; Balanced              ;
; Carry Chain Length                                                         ; 70                    ; 70                    ;
; Auto Carry Chains                                                          ; On                    ; On                    ;
; Auto Open-Drain Pins                                                       ; On                    ; On                    ;
; Perform WYSIWYG Primitive Resynthesis                                      ; Off                   ; Off                   ;
; Auto ROM Replacement                                                       ; On                    ; On                    ;
; Auto RAM Replacement                                                       ; On                    ; On                    ;
; Auto Shift Register Replacement                                            ; Auto                  ; Auto                  ;
; Allow Shift Register Merging across Hierarchies                            ; Auto                  ; Auto                  ;
; Auto Clock Enable Replacement                                              ; On                    ; On                    ;
; Strict RAM Replacement                                                     ; Off                   ; Off                   ;
; Allow Synchronous Control Signals                                          ; On                    ; On                    ;
; Force Use of Synchronous Clear Signals                                     ; Off                   ; Off                   ;
; Auto RAM to Logic Cell Conversion                                          ; Off                   ; Off                   ;
; Auto Resource Sharing                                                      ; Off                   ; Off                   ;
; Allow Any RAM Size For Recognition                                         ; Off                   ; Off                   ;
; Allow Any ROM Size For Recognition                                         ; Off                   ; Off                   ;
; Allow Any Shift Register Size For Recognition                              ; Off                   ; Off                   ;
; Use LogicLock Constraints during Resource Balancing                        ; On                    ; On                    ;
; Ignore translate_off and synthesis_off directives                          ; Off                   ; Off                   ;
; Timing-Driven Synthesis                                                    ; Off                   ; Off                   ;
; Report Parameter Settings                                                  ; On                    ; On                    ;
; Report Source Assignments                                                  ; On                    ; On                    ;
; Report Connectivity Checks                                                 ; On                    ; On                    ;
; Ignore Maximum Fan-Out Assignments                                         ; Off                   ; Off                   ;
; Synchronization Register Chain Length                                      ; 2                     ; 2                     ;
; PowerPlay Power Optimization                                               ; Normal compilation    ; Normal compilation    ;
; HDL message level                                                          ; Level2                ; Level2                ;
; Suppress Register Optimization Related Messages                            ; Off                   ; Off                   ;
; Number of Removed Registers Reported in Synthesis Report                   ; 5000                  ; 5000                  ;
; Number of Inverted Registers Reported in Synthesis Report                  ; 100                   ; 100                   ;
; Clock MUX Protection                                                       ; On                    ; On                    ;
; Auto Gated Clock Conversion                                                ; Off                   ; Off                   ;
; Block Design Naming                                                        ; Auto                  ; Auto                  ;
; SDC constraint protection                                                  ; Off                   ; Off                   ;
; Synthesis Effort                                                           ; Auto                  ; Auto                  ;
; Shift Register Replacement - Allow Asynchronous Clear Signal               ; On                    ; On                    ;
; Analysis & Synthesis Message Level                                         ; Medium                ; Medium                ;
; Disable Register Merging Across Hierarchies                                ; Auto                  ; Auto                  ;
; Resource Aware Inference For Block RAM                                     ; On                    ; On                    ;
; Synthesis Seed                                                             ; 1                     ; 1                     ;
+----------------------------------------------------------------------------+-----------------------+-----------------------+


Parallel compilation was disabled, but you have multiple processors available. Enable parallel compilation to reduce compilation time.
+-------------------------------------+
; Parallel Compilation                ;
+----------------------------+--------+
; Processors                 ; Number ;
+----------------------------+--------+
; Number detected on machine ; 4      ;
; Maximum allowed            ; 1      ;
+----------------------------+--------+


+------------------------------------------------------------------------------------------------------------------------------------------------------------------------------+
; Analysis & Synthesis Source Files Read                                                                                                                                       ;
+----------------------------------+-----------------+------------------------------------+------------------------------------------------------------------------------------+
; File Name with User-Entered Path ; Used in Netlist ; File Type                          ; File Name with Absolute Path                                                       ;
+----------------------------------+-----------------+------------------------------------+------------------------------------------------------------------------------------+
; Random_Time_Generator.bdf        ; yes             ; User Block Diagram/Schematic File  ; C:/Users/valer/Desktop/RR_Progetto/Random_Time_Gen/Random_Time_Generator.bdf       ;
; lpm_shiftreg0_LFSR_RANDOM.vhd    ; yes             ; User Wizard-Generated File         ; C:/Users/valer/Desktop/RR_Progetto/Random_Time_Gen/lpm_shiftreg0_LFSR_RANDOM.vhd   ;
; XOR_LFSR.vhd                     ; yes             ; User VHDL File                     ; C:/Users/valer/Desktop/RR_Progetto/Random_Time_Gen/XOR_LFSR.vhd                    ;
; lpm_mult0_Random_Number_Gen.vhd  ; yes             ; User Wizard-Generated File         ; C:/Users/valer/Desktop/RR_Progetto/Random_Time_Gen/lpm_mult0_Random_Number_Gen.vhd ;
; Contatore_Tempo_random.vhd       ; yes             ; User Wizard-Generated File         ; C:/Users/valer/Desktop/RR_Progetto/Random_Time_Gen/Contatore_Tempo_random.vhd      ;
; TC_tempo_attesa.vhd              ; yes             ; User VHDL File                     ; C:/Users/valer/Desktop/RR_Progetto/Random_Time_Gen/TC_tempo_attesa.vhd             ;
; lpm_counter.tdf                  ; yes             ; Megafunction                       ; c:/altera/11.1/quartus/libraries/megafunctions/lpm_counter.tdf                     ;
; lpm_constant.inc                 ; yes             ; Megafunction                       ; c:/altera/11.1/quartus/libraries/megafunctions/lpm_constant.inc                    ;
; lpm_decode.inc                   ; yes             ; Megafunction                       ; c:/altera/11.1/quartus/libraries/megafunctions/lpm_decode.inc                      ;
; lpm_add_sub.inc                  ; yes             ; Megafunction                       ; c:/altera/11.1/quartus/libraries/megafunctions/lpm_add_sub.inc                     ;
; cmpconst.inc                     ; yes             ; Megafunction                       ; c:/altera/11.1/quartus/libraries/megafunctions/cmpconst.inc                        ;
; lpm_compare.inc                  ; yes             ; Megafunction                       ; c:/altera/11.1/quartus/libraries/megafunctions/lpm_compare.inc                     ;
; lpm_counter.inc                  ; yes             ; Megafunction                       ; c:/altera/11.1/quartus/libraries/megafunctions/lpm_counter.inc                     ;
; dffeea.inc                       ; yes             ; Megafunction                       ; c:/altera/11.1/quartus/libraries/megafunctions/dffeea.inc                          ;
; alt_counter_stratix.inc          ; yes             ; Megafunction                       ; c:/altera/11.1/quartus/libraries/megafunctions/alt_counter_stratix.inc             ;
; aglobal111.inc                   ; yes             ; Megafunction                       ; c:/altera/11.1/quartus/libraries/megafunctions/aglobal111.inc                      ;
; db/cntr_84j.tdf                  ; yes             ; Auto-Generated Megafunction        ; C:/Users/valer/Desktop/RR_Progetto/Random_Time_Gen/db/cntr_84j.tdf                 ;
; lpm_mult.tdf                     ; yes             ; Megafunction                       ; c:/altera/11.1/quartus/libraries/megafunctions/lpm_mult.tdf                        ;
; multcore.inc                     ; yes             ; Megafunction                       ; c:/altera/11.1/quartus/libraries/megafunctions/multcore.inc                        ;
; bypassff.inc                     ; yes             ; Megafunction                       ; c:/altera/11.1/quartus/libraries/megafunctions/bypassff.inc                        ;
; altshift.inc                     ; yes             ; Megafunction                       ; c:/altera/11.1/quartus/libraries/megafunctions/altshift.inc                        ;
; multcore.tdf                     ; yes             ; Megafunction                       ; c:/altera/11.1/quartus/libraries/megafunctions/multcore.tdf                        ;
; csa_add.inc                      ; yes             ; Megafunction                       ; c:/altera/11.1/quartus/libraries/megafunctions/csa_add.inc                         ;
; mpar_add.inc                     ; yes             ; Megafunction                       ; c:/altera/11.1/quartus/libraries/megafunctions/mpar_add.inc                        ;
; muleabz.inc                      ; yes             ; Megafunction                       ; c:/altera/11.1/quartus/libraries/megafunctions/muleabz.inc                         ;
; mul_lfrg.inc                     ; yes             ; Megafunction                       ; c:/altera/11.1/quartus/libraries/megafunctions/mul_lfrg.inc                        ;
; mul_boothc.inc                   ; yes             ; Megafunction                       ; c:/altera/11.1/quartus/libraries/megafunctions/mul_boothc.inc                      ;
; alt_ded_mult.inc                 ; yes             ; Megafunction                       ; c:/altera/11.1/quartus/libraries/megafunctions/alt_ded_mult.inc                    ;
; alt_ded_mult_y.inc               ; yes             ; Megafunction                       ; c:/altera/11.1/quartus/libraries/megafunctions/alt_ded_mult_y.inc                  ;
; dffpipe.inc                      ; yes             ; Megafunction                       ; c:/altera/11.1/quartus/libraries/megafunctions/dffpipe.inc                         ;
; mpar_add.tdf                     ; yes             ; Megafunction                       ; c:/altera/11.1/quartus/libraries/megafunctions/mpar_add.tdf                        ;
; lpm_add_sub.tdf                  ; yes             ; Megafunction                       ; c:/altera/11.1/quartus/libraries/megafunctions/lpm_add_sub.tdf                     ;
; addcore.inc                      ; yes             ; Megafunction                       ; c:/altera/11.1/quartus/libraries/megafunctions/addcore.inc                         ;
; look_add.inc                     ; yes             ; Megafunction                       ; c:/altera/11.1/quartus/libraries/megafunctions/look_add.inc                        ;
; alt_stratix_add_sub.inc          ; yes             ; Megafunction                       ; c:/altera/11.1/quartus/libraries/megafunctions/alt_stratix_add_sub.inc             ;
; db/add_sub_8ch.tdf               ; yes             ; Auto-Generated Megafunction        ; C:/Users/valer/Desktop/RR_Progetto/Random_Time_Gen/db/add_sub_8ch.tdf              ;
; altshift.tdf                     ; yes             ; Megafunction                       ; c:/altera/11.1/quartus/libraries/megafunctions/altshift.tdf                        ;
; lpm_shiftreg.tdf                 ; yes             ; Megafunction                       ; c:/altera/11.1/quartus/libraries/megafunctions/lpm_shiftreg.tdf                    ;
+----------------------------------+-----------------+------------------------------------+------------------------------------------------------------------------------------+


+--------------------------------------------------------+
; Analysis & Synthesis Resource Usage Summary            ;
+---------------------------------------------+----------+
; Resource                                    ; Usage    ;
+---------------------------------------------+----------+
; Estimated Total logic elements              ; 151      ;
;                                             ;          ;
; Total combinational functions               ; 144      ;
; Logic element usage by number of LUT inputs ;          ;
;     -- 4 input functions                    ; 68       ;
;     -- 3 input functions                    ; 23       ;
;     -- <=2 input functions                  ; 53       ;
;                                             ;          ;
; Logic elements by mode                      ;          ;
;     -- normal mode                          ; 90       ;
;     -- arithmetic mode                      ; 54       ;
;                                             ;          ;
; Total registers                             ; 38       ;
;     -- Dedicated logic registers            ; 38       ;
;     -- I/O registers                        ; 0        ;
;                                             ;          ;
; I/O pins                                    ; 41       ;
; Maximum fan-out node                        ; CK_50MHz ;
; Maximum fan-out                             ; 38       ;
; Total fan-out                               ; 619      ;
; Average fan-out                             ; 2.78     ;
+---------------------------------------------+----------+


+-----------------------------------------------------------------------------------------------------------------------------------------------------------------------------------------------------------------------------------------------------------------------------------------------------------------------------------------------------+
; Analysis & Synthesis Resource Utilization by Entity                                                                                                                                                                                                                                                                                                 ;
+------------------------------------------------+-------------------+--------------+-------------+--------------+---------+-----------+------+--------------+-------------------------------------------------------------------------------------------------------------------------------------------------------------------------+--------------+
; Compilation Hierarchy Node                     ; LC Combinationals ; LC Registers ; Memory Bits ; DSP Elements ; DSP 9x9 ; DSP 18x18 ; Pins ; Virtual Pins ; Full Hierarchy Name                                                                                                                                                     ; Library Name ;
+------------------------------------------------+-------------------+--------------+-------------+--------------+---------+-----------+------+--------------+-------------------------------------------------------------------------------------------------------------------------------------------------------------------------+--------------+
; |Random_Time_Generator                         ; 144 (0)           ; 38 (0)       ; 0           ; 0            ; 0       ; 0         ; 41   ; 0            ; |Random_Time_Generator                                                                                                                                                  ;              ;
;    |Contatore_Tempo_random:inst8|              ; 35 (0)            ; 30 (0)       ; 0           ; 0            ; 0       ; 0         ; 0    ; 0            ; |Random_Time_Generator|Contatore_Tempo_random:inst8                                                                                                                     ;              ;
;       |lpm_counter:LPM_COUNTER_component|      ; 35 (0)            ; 30 (0)       ; 0           ; 0            ; 0       ; 0         ; 0    ; 0            ; |Random_Time_Generator|Contatore_Tempo_random:inst8|lpm_counter:LPM_COUNTER_component                                                                                   ;              ;
;          |cntr_84j:auto_generated|             ; 35 (35)           ; 30 (30)      ; 0           ; 0            ; 0       ; 0         ; 0    ; 0            ; |Random_Time_Generator|Contatore_Tempo_random:inst8|lpm_counter:LPM_COUNTER_component|cntr_84j:auto_generated                                                           ;              ;
;    |TC_tempo_attesa:inst|                      ; 11 (11)           ; 0 (0)        ; 0           ; 0            ; 0       ; 0         ; 0    ; 0            ; |Random_Time_Generator|TC_tempo_attesa:inst                                                                                                                             ;              ;
;    |XOR_LFSR:inst5|                            ; 1 (1)             ; 0 (0)        ; 0           ; 0            ; 0       ; 0         ; 0    ; 0            ; |Random_Time_Generator|XOR_LFSR:inst5                                                                                                                                   ;              ;
;    |lpm_mult0_Random_Number_Gen:inst6|         ; 97 (0)            ; 0 (0)        ; 0           ; 0            ; 0       ; 0         ; 0    ; 0            ; |Random_Time_Generator|lpm_mult0_Random_Number_Gen:inst6                                                                                                                ;              ;
;       |lpm_mult:lpm_mult_component|            ; 97 (0)            ; 0 (0)        ; 0           ; 0            ; 0       ; 0         ; 0    ; 0            ; |Random_Time_Generator|lpm_mult0_Random_Number_Gen:inst6|lpm_mult:lpm_mult_component                                                                                    ;              ;
;          |multcore:mult_core|                  ; 97 (45)           ; 0 (0)        ; 0           ; 0            ; 0       ; 0         ; 0    ; 0            ; |Random_Time_Generator|lpm_mult0_Random_Number_Gen:inst6|lpm_mult:lpm_mult_component|multcore:mult_core                                                                 ;              ;
;             |mpar_add:padder|                  ; 52 (0)            ; 0 (0)        ; 0           ; 0            ; 0       ; 0         ; 0    ; 0            ; |Random_Time_Generator|lpm_mult0_Random_Number_Gen:inst6|lpm_mult:lpm_mult_component|multcore:mult_core|mpar_add:padder                                                 ;              ;
;                |lpm_add_sub:adder[0]|          ; 52 (0)            ; 0 (0)        ; 0           ; 0            ; 0       ; 0         ; 0    ; 0            ; |Random_Time_Generator|lpm_mult0_Random_Number_Gen:inst6|lpm_mult:lpm_mult_component|multcore:mult_core|mpar_add:padder|lpm_add_sub:adder[0]                            ;              ;
;                   |add_sub_8ch:auto_generated| ; 52 (52)           ; 0 (0)        ; 0           ; 0            ; 0       ; 0         ; 0    ; 0            ; |Random_Time_Generator|lpm_mult0_Random_Number_Gen:inst6|lpm_mult:lpm_mult_component|multcore:mult_core|mpar_add:padder|lpm_add_sub:adder[0]|add_sub_8ch:auto_generated ;              ;
;    |lpm_shiftreg0_LFSR_RANDOM:inst4|           ; 0 (0)             ; 8 (0)        ; 0           ; 0            ; 0       ; 0         ; 0    ; 0            ; |Random_Time_Generator|lpm_shiftreg0_LFSR_RANDOM:inst4                                                                                                                  ;              ;
;       |lpm_shiftreg:LPM_SHIFTREG_component|    ; 0 (0)             ; 8 (8)        ; 0           ; 0            ; 0       ; 0         ; 0    ; 0            ; |Random_Time_Generator|lpm_shiftreg0_LFSR_RANDOM:inst4|lpm_shiftreg:LPM_SHIFTREG_component                                                                              ;              ;
+------------------------------------------------+-------------------+--------------+-------------+--------------+---------+-----------+------+--------------+-------------------------------------------------------------------------------------------------------------------------------------------------------------------------+--------------+
Note: For table entries with two numbers listed, the numbers in parentheses indicate the number of resources of the given type used by the specific entity alone. The numbers listed outside of parentheses indicate the total resources of the given type used by the specific entity and all of its sub-entities in the hierarchy.


+---------------------------------------------------------------------------------------------------------------------------------------------------------------------------------------------------------------+
; Analysis & Synthesis IP Cores Summary                                                                                                                                                                         ;
+--------+--------------+---------+--------------+--------------+----------------------------------------------------------+------------------------------------------------------------------------------------+
; Vendor ; IP Core Name ; Version ; Release Date ; License Type ; Entity Instance                                          ; IP Include File                                                                    ;
+--------+--------------+---------+--------------+--------------+----------------------------------------------------------+------------------------------------------------------------------------------------+
; Altera ; LPM_COUNTER  ; 11.1    ; N/A          ; N/A          ; |Random_Time_Generator|Contatore_Tempo_random:inst8      ; C:/Users/valer/Desktop/RR_Progetto/Random_Time_Gen/Contatore_Tempo_random.vhd      ;
; Altera ; LPM_MULT     ; 11.1    ; N/A          ; N/A          ; |Random_Time_Generator|lpm_mult0_Random_Number_Gen:inst6 ; C:/Users/valer/Desktop/RR_Progetto/Random_Time_Gen/lpm_mult0_Random_Number_Gen.vhd ;
; Altera ; LPM_SHIFTREG ; 11.1    ; N/A          ; N/A          ; |Random_Time_Generator|lpm_shiftreg0_LFSR_RANDOM:inst4   ; C:/Users/valer/Desktop/RR_Progetto/Random_Time_Gen/lpm_shiftreg0_LFSR_RANDOM.vhd   ;
+--------+--------------+---------+--------------+--------------+----------------------------------------------------------+------------------------------------------------------------------------------------+


+------------------------------------------------------+
; General Register Statistics                          ;
+----------------------------------------------+-------+
; Statistic                                    ; Value ;
+----------------------------------------------+-------+
; Total registers                              ; 38    ;
; Number of registers using Synchronous Clear  ; 0     ;
; Number of registers using Synchronous Load   ; 30    ;
; Number of registers using Asynchronous Clear ; 0     ;
; Number of registers using Asynchronous Load  ; 0     ;
; Number of registers using Clock Enable       ; 0     ;
; Number of registers using Preset             ; 0     ;
+----------------------------------------------+-------+


+-------------------------------------------------------------------------------------------------------------+
; Parameter Settings for User Entity Instance: Contatore_Tempo_random:inst8|lpm_counter:LPM_COUNTER_component ;
+------------------------+-------------+----------------------------------------------------------------------+
; Parameter Name         ; Value       ; Type                                                                 ;
+------------------------+-------------+----------------------------------------------------------------------+
; AUTO_CARRY_CHAINS      ; ON          ; AUTO_CARRY                                                           ;
; IGNORE_CARRY_BUFFERS   ; OFF         ; IGNORE_CARRY                                                         ;
; AUTO_CASCADE_CHAINS    ; ON          ; AUTO_CASCADE                                                         ;
; IGNORE_CASCADE_BUFFERS ; OFF         ; IGNORE_CASCADE                                                       ;
; LPM_WIDTH              ; 30          ; Signed Integer                                                       ;
; LPM_DIRECTION          ; UP          ; Untyped                                                              ;
; LPM_MODULUS            ; 0           ; Untyped                                                              ;
; LPM_AVALUE             ; UNUSED      ; Untyped                                                              ;
; LPM_SVALUE             ; UNUSED      ; Untyped                                                              ;
; LPM_PORT_UPDOWN        ; PORT_UNUSED ; Untyped                                                              ;
; DEVICE_FAMILY          ; Cyclone II  ; Untyped                                                              ;
; CARRY_CHAIN            ; MANUAL      ; Untyped                                                              ;
; CARRY_CHAIN_LENGTH     ; 48          ; CARRY_CHAIN_LENGTH                                                   ;
; NOT_GATE_PUSH_BACK     ; ON          ; NOT_GATE_PUSH_BACK                                                   ;
; CARRY_CNT_EN           ; SMART       ; Untyped                                                              ;
; LABWIDE_SCLR           ; ON          ; Untyped                                                              ;
; USE_NEW_VERSION        ; TRUE        ; Untyped                                                              ;
; CBXI_PARAMETER         ; cntr_84j    ; Untyped                                                              ;
+------------------------+-------------+----------------------------------------------------------------------+
Note: In order to hide this table in the UI and the text report file, please set the "Show Parameter Settings in Synthesis Report" option in "Analysis and Synthesis Settings -> More Settings" to "Off".


+------------------------------------------------------------------------------------------------------------+
; Parameter Settings for User Entity Instance: lpm_mult0_Random_Number_Gen:inst6|lpm_mult:lpm_mult_component ;
+------------------------------------------------+------------+----------------------------------------------+
; Parameter Name                                 ; Value      ; Type                                         ;
+------------------------------------------------+------------+----------------------------------------------+
; AUTO_CARRY_CHAINS                              ; ON         ; AUTO_CARRY                                   ;
; IGNORE_CARRY_BUFFERS                           ; OFF        ; IGNORE_CARRY                                 ;
; AUTO_CASCADE_CHAINS                            ; ON         ; AUTO_CASCADE                                 ;
; IGNORE_CASCADE_BUFFERS                         ; OFF        ; IGNORE_CASCADE                               ;
; LPM_WIDTHA                                     ; 8          ; Signed Integer                               ;
; LPM_WIDTHB                                     ; 22         ; Signed Integer                               ;
; LPM_WIDTHP                                     ; 30         ; Signed Integer                               ;
; LPM_WIDTHR                                     ; 0          ; Untyped                                      ;
; LPM_WIDTHS                                     ; 1          ; Untyped                                      ;
; LPM_REPRESENTATION                             ; UNSIGNED   ; Untyped                                      ;
; LPM_PIPELINE                                   ; 0          ; Untyped                                      ;
; LATENCY                                        ; 0          ; Untyped                                      ;
; INPUT_A_IS_CONSTANT                            ; NO         ; Untyped                                      ;
; INPUT_B_IS_CONSTANT                            ; YES        ; Untyped                                      ;
; USE_EAB                                        ; OFF        ; Untyped                                      ;
; MAXIMIZE_SPEED                                 ; 5          ; Untyped                                      ;
; DEVICE_FAMILY                                  ; Cyclone II ; Untyped                                      ;
; CARRY_CHAIN                                    ; MANUAL     ; Untyped                                      ;
; APEX20K_TECHNOLOGY_MAPPER                      ; LUT        ; TECH_MAPPER_APEX20K                          ;
; DEDICATED_MULTIPLIER_CIRCUITRY                 ; AUTO       ; Untyped                                      ;
; DEDICATED_MULTIPLIER_MIN_INPUT_WIDTH_FOR_AUTO  ; 0          ; Untyped                                      ;
; DEDICATED_MULTIPLIER_MIN_OUTPUT_WIDTH_FOR_AUTO ; 0          ; Untyped                                      ;
; CBXI_PARAMETER                                 ; NOTHING    ; Untyped                                      ;
; INPUT_A_FIXED_VALUE                            ; Bx         ; Untyped                                      ;
; INPUT_B_FIXED_VALUE                            ; Bx         ; Untyped                                      ;
; USE_AHDL_IMPLEMENTATION                        ; OFF        ; Untyped                                      ;
+------------------------------------------------+------------+----------------------------------------------+
Note: In order to hide this table in the UI and the text report file, please set the "Show Parameter Settings in Synthesis Report" option in "Analysis and Synthesis Settings -> More Settings" to "Off".


+------------------------------------------------------------------------------------------------------------------+
; Parameter Settings for User Entity Instance: lpm_shiftreg0_LFSR_RANDOM:inst4|lpm_shiftreg:LPM_SHIFTREG_component ;
+------------------------+------------+----------------------------------------------------------------------------+
; Parameter Name         ; Value      ; Type                                                                       ;
+------------------------+------------+----------------------------------------------------------------------------+
; LPM_WIDTH              ; 8          ; Signed Integer                                                             ;
; LPM_DIRECTION          ; RIGHT      ; Untyped                                                                    ;
; LPM_AVALUE             ; UNUSED     ; Untyped                                                                    ;
; LPM_SVALUE             ; UNUSED     ; Untyped                                                                    ;
; DEVICE_FAMILY          ; Cyclone II ; Untyped                                                                    ;
; AUTO_CARRY_CHAINS      ; ON         ; AUTO_CARRY                                                                 ;
; IGNORE_CARRY_BUFFERS   ; OFF        ; IGNORE_CARRY                                                               ;
; AUTO_CASCADE_CHAINS    ; ON         ; AUTO_CASCADE                                                               ;
; IGNORE_CASCADE_BUFFERS ; OFF        ; IGNORE_CASCADE                                                             ;
+------------------------+------------+----------------------------------------------------------------------------+
Note: In order to hide this table in the UI and the text report file, please set the "Show Parameter Settings in Synthesis Report" option in "Analysis and Synthesis Settings -> More Settings" to "Off".


+-------------------------------------------------------------------------------------------------------+
; lpm_mult Parameter Settings by Entity Instance                                                        ;
+---------------------------------------+---------------------------------------------------------------+
; Name                                  ; Value                                                         ;
+---------------------------------------+---------------------------------------------------------------+
; Number of entity instances            ; 1                                                             ;
; Entity Instance                       ; lpm_mult0_Random_Number_Gen:inst6|lpm_mult:lpm_mult_component ;
;     -- LPM_WIDTHA                     ; 8                                                             ;
;     -- LPM_WIDTHB                     ; 22                                                            ;
;     -- LPM_WIDTHP                     ; 30                                                            ;
;     -- LPM_REPRESENTATION             ; UNSIGNED                                                      ;
;     -- INPUT_A_IS_CONSTANT            ; NO                                                            ;
;     -- INPUT_B_IS_CONSTANT            ; YES                                                           ;
;     -- USE_EAB                        ; OFF                                                           ;
;     -- DEDICATED_MULTIPLIER_CIRCUITRY ; AUTO                                                          ;
;     -- INPUT_A_FIXED_VALUE            ; Bx                                                            ;
;     -- INPUT_B_FIXED_VALUE            ; Bx                                                            ;
+---------------------------------------+---------------------------------------------------------------+


+--------------------------------------------------------------------------------------------------+
; lpm_shiftreg Parameter Settings by Entity Instance                                               ;
+----------------------------+---------------------------------------------------------------------+
; Name                       ; Value                                                               ;
+----------------------------+---------------------------------------------------------------------+
; Number of entity instances ; 1                                                                   ;
; Entity Instance            ; lpm_shiftreg0_LFSR_RANDOM:inst4|lpm_shiftreg:LPM_SHIFTREG_component ;
;     -- LPM_WIDTH           ; 8                                                                   ;
;     -- LPM_DIRECTION       ; RIGHT                                                               ;
+----------------------------+---------------------------------------------------------------------+


+-------------------------------+
; Elapsed Time Per Partition    ;
+----------------+--------------+
; Partition Name ; Elapsed Time ;
+----------------+--------------+
; Top            ; 00:00:01     ;
+----------------+--------------+


+-------------------------------+
; Analysis & Synthesis Messages ;
+-------------------------------+
Info: *******************************************************************
Info: Running Quartus II 32-bit Analysis & Synthesis
    Info: Version 11.1 Build 173 11/01/2011 SJ Web Edition
    Info: Processing started: Thu Jan 10 21:28:55 2019
Info: Command: quartus_map --read_settings_files=on --write_settings_files=off Random_Time_Generator -c Random_Time_Generator
Warning (20028): Parallel compilation is not licensed and has been disabled
Info (12021): Found 1 design units, including 1 entities, in source file random_time_generator.bdf
    Info (12023): Found entity 1: Random_Time_Generator
Info (12021): Found 2 design units, including 1 entities, in source file lpm_shiftreg0_lfsr_random.vhd
    Info (12022): Found design unit 1: lpm_shiftreg0_lfsr_random-SYN
    Info (12023): Found entity 1: lpm_shiftreg0_LFSR_RANDOM
Info (12021): Found 2 design units, including 1 entities, in source file xor_lfsr.vhd
    Info (12022): Found design unit 1: XOR_LFSR-behavioural
    Info (12023): Found entity 1: XOR_LFSR
Info (12021): Found 2 design units, including 1 entities, in source file tb_random_number.vhd
    Info (12022): Found design unit 1: TB_Random_Number-structural
    Info (12023): Found entity 1: TB_Random_Number
Info (12021): Found 2 design units, including 1 entities, in source file lpm_mult0_random_number_gen.vhd
    Info (12022): Found design unit 1: lpm_mult0_random_number_gen-SYN
    Info (12023): Found entity 1: lpm_mult0_Random_Number_Gen
Info (12021): Found 2 design units, including 1 entities, in source file contatore_tempo_random.vhd
    Info (12022): Found design unit 1: contatore_tempo_random-SYN
    Info (12023): Found entity 1: Contatore_Tempo_random
Warning (12019): Can't analyze file -- file TC_Time_Generator.vhd is missing
Info (12021): Found 2 design units, including 1 entities, in source file tc_tempo_attesa.vhd
    Info (12022): Found design unit 1: TC_tempo_attesa-behavioural
    Info (12023): Found entity 1: TC_tempo_attesa
Info (12127): Elaborating entity "Random_Time_Generator" for the top level hierarchy
Info (12128): Elaborating entity "TC_tempo_attesa" for hierarchy "TC_tempo_attesa:inst"
Info (12128): Elaborating entity "Contatore_Tempo_random" for hierarchy "Contatore_Tempo_random:inst8"
Info (12128): Elaborating entity "lpm_counter" for hierarchy "Contatore_Tempo_random:inst8|lpm_counter:LPM_COUNTER_component"
Warning (287001): Assertion warning: The data[] port is connected but aload or sload are not connected or are ground. This means the data will be ignored
Info (12130): Elaborated megafunction instantiation "Contatore_Tempo_random:inst8|lpm_counter:LPM_COUNTER_component"
Info (12133): Instantiated megafunction "Contatore_Tempo_random:inst8|lpm_counter:LPM_COUNTER_component" with the following parameter:
    Info (12134): Parameter "lpm_direction" = "UP"
    Info (12134): Parameter "lpm_port_updown" = "PORT_UNUSED"
    Info (12134): Parameter "lpm_type" = "LPM_COUNTER"
    Info (12134): Parameter "lpm_width" = "30"
Info (12021): Found 1 design units, including 1 entities, in source file db/cntr_84j.tdf
    Info (12023): Found entity 1: cntr_84j
Info (12128): Elaborating entity "cntr_84j" for hierarchy "Contatore_Tempo_random:inst8|lpm_counter:LPM_COUNTER_component|cntr_84j:auto_generated"
Info (12128): Elaborating entity "lpm_mult0_Random_Number_Gen" for hierarchy "lpm_mult0_Random_Number_Gen:inst6"
Info (12128): Elaborating entity "lpm_mult" for hierarchy "lpm_mult0_Random_Number_Gen:inst6|lpm_mult:lpm_mult_component"
Info (12130): Elaborated megafunction instantiation "lpm_mult0_Random_Number_Gen:inst6|lpm_mult:lpm_mult_component"
Info (12133): Instantiated megafunction "lpm_mult0_Random_Number_Gen:inst6|lpm_mult:lpm_mult_component" with the following parameter:
    Info (12134): Parameter "lpm_hint" = "INPUT_B_IS_CONSTANT=YES,MAXIMIZE_SPEED=5"
    Info (12134): Parameter "lpm_representation" = "UNSIGNED"
    Info (12134): Parameter "lpm_type" = "LPM_MULT"
    Info (12134): Parameter "lpm_widtha" = "8"
    Info (12134): Parameter "lpm_widthb" = "22"
    Info (12134): Parameter "lpm_widthp" = "30"
Info (12128): Elaborating entity "multcore" for hierarchy "lpm_mult0_Random_Number_Gen:inst6|lpm_mult:lpm_mult_component|multcore:mult_core"
Info (12131): Elaborated megafunction instantiation "lpm_mult0_Random_Number_Gen:inst6|lpm_mult:lpm_mult_component|multcore:mult_core", which is child of megafunction instantiation "lpm_mult0_Random_Number_Gen:inst6|lpm_mult:lpm_mult_component"
Info (12128): Elaborating entity "mpar_add" for hierarchy "lpm_mult0_Random_Number_Gen:inst6|lpm_mult:lpm_mult_component|multcore:mult_core|mpar_add:padder"
Info (12131): Elaborated megafunction instantiation "lpm_mult0_Random_Number_Gen:inst6|lpm_mult:lpm_mult_component|multcore:mult_core|mpar_add:padder", which is child of megafunction instantiation "lpm_mult0_Random_Number_Gen:inst6|lpm_mult:lpm_mult_component"
Info (12128): Elaborating entity "lpm_add_sub" for hierarchy "lpm_mult0_Random_Number_Gen:inst6|lpm_mult:lpm_mult_component|multcore:mult_core|mpar_add:padder|lpm_add_sub:adder[0]"
Info (12131): Elaborated megafunction instantiation "lpm_mult0_Random_Number_Gen:inst6|lpm_mult:lpm_mult_component|multcore:mult_core|mpar_add:padder|lpm_add_sub:adder[0]", which is child of megafunction instantiation "lpm_mult0_Random_Number_Gen:inst6|lpm_mult:lpm_mult_component"
Info (12021): Found 1 design units, including 1 entities, in source file db/add_sub_8ch.tdf
    Info (12023): Found entity 1: add_sub_8ch
Info (12128): Elaborating entity "add_sub_8ch" for hierarchy "lpm_mult0_Random_Number_Gen:inst6|lpm_mult:lpm_mult_component|multcore:mult_core|mpar_add:padder|lpm_add_sub:adder[0]|add_sub_8ch:auto_generated"
Info (12128): Elaborating entity "altshift" for hierarchy "lpm_mult0_Random_Number_Gen:inst6|lpm_mult:lpm_mult_component|altshift:external_latency_ffs"
Info (12131): Elaborated megafunction instantiation "lpm_mult0_Random_Number_Gen:inst6|lpm_mult:lpm_mult_component|altshift:external_latency_ffs", which is child of megafunction instantiation "lpm_mult0_Random_Number_Gen:inst6|lpm_mult:lpm_mult_component"
Info (12128): Elaborating entity "lpm_shiftreg0_LFSR_RANDOM" for hierarchy "lpm_shiftreg0_LFSR_RANDOM:inst4"
Info (12128): Elaborating entity "lpm_shiftreg" for hierarchy "lpm_shiftreg0_LFSR_RANDOM:inst4|lpm_shiftreg:LPM_SHIFTREG_component"
Info (12130): Elaborated megafunction instantiation "lpm_shiftreg0_LFSR_RANDOM:inst4|lpm_shiftreg:LPM_SHIFTREG_component"
Info (12133): Instantiated megafunction "lpm_shiftreg0_LFSR_RANDOM:inst4|lpm_shiftreg:LPM_SHIFTREG_component" with the following parameter:
    Info (12134): Parameter "lpm_direction" = "RIGHT"
    Info (12134): Parameter "lpm_type" = "LPM_SHIFTREG"
    Info (12134): Parameter "lpm_width" = "8"
Info (12128): Elaborating entity "XOR_LFSR" for hierarchy "XOR_LFSR:inst5"
Info (16010): Generating hard_block partition "hard_block:auto_generated_inst"
Info (21057): Implemented 192 device resources after synthesis - the final resource count might be different
    Info (21058): Implemented 2 input pins
    Info (21059): Implemented 39 output pins
    Info (21061): Implemented 151 logic cells
Info: Quartus II 32-bit Analysis & Synthesis was successful. 0 errors, 3 warnings
    Info: Peak virtual memory: 370 megabytes
    Info: Processing ended: Thu Jan 10 21:29:01 2019
    Info: Elapsed time: 00:00:06
    Info: Total CPU time (on all processors): 00:00:05


