Flow report for Rilevatore_Riflessi_Completo
Fri Feb 15 16:18:32 2019
Quartus II 32-bit Version 11.1 Build 173 11/01/2011 SJ Web Edition


---------------------
; Table of Contents ;
---------------------
  1. Legal Notice
  2. Flow Summary
  3. Flow Settings
  4. Flow Non-Default Global Settings
  5. Flow Elapsed Time
  6. Flow OS Summary
  7. Flow Log



----------------
; Legal Notice ;
----------------
Copyright (C) 1991-2011 Altera Corporation
Your use of Altera Corporation's design tools, logic functions 
and other software and tools, and its AMPP partner logic 
functions, and any output files from any of the foregoing 
(including device programming or simulation files), and any 
associated documentation or information are expressly subject 
to the terms and conditions of the Altera Program License 
Subscription Agreement, Altera MegaCore Function License 
Agreement, or other applicable license agreement, including, 
without limitation, that your use is for the sole purpose of 
programming logic devices manufactured by Altera and sold by 
Altera or its authorized distributors.  Please refer to the 
applicable agreement for further details.



+-------------------------------------------------------------------------------+
; Flow Summary                                                                  ;
+------------------------------------+------------------------------------------+
; Flow Status                        ; Successful - Fri Feb 15 16:18:32 2019    ;
; Quartus II 32-bit Version          ; 11.1 Build 173 11/01/2011 SJ Web Edition ;
; Revision Name                      ; Rilevatore_Riflessi_Completo             ;
; Top-level Entity Name              ; Rilevatore_Riflessi_Completo             ;
; Family                             ; Cyclone II                               ;
; Device                             ; EP2C35F672C6                             ;
; Timing Models                      ; Final                                    ;
; Total logic elements               ; 228 / 33,216 ( < 1 % )                   ;
;     Total combinational functions  ; 224 / 33,216 ( < 1 % )                   ;
;     Dedicated logic registers      ; 98 / 33,216 ( < 1 % )                    ;
; Total registers                    ; 98                                       ;
; Total pins                         ; 33 / 475 ( 7 % )                         ;
; Total virtual pins                 ; 0                                        ;
; Total memory bits                  ; 128 / 483,840 ( < 1 % )                  ;
; Embedded Multiplier 9-bit elements ; 0 / 70 ( 0 % )                           ;
; Total PLLs                         ; 0 / 4 ( 0 % )                            ;
+------------------------------------+------------------------------------------+


+--------------------------------------------------+
; Flow Settings                                    ;
+-------------------+------------------------------+
; Option            ; Setting                      ;
+-------------------+------------------------------+
; Start date & time ; 02/15/2019 16:18:11          ;
; Main task         ; Compilation                  ;
; Revision Name     ; Rilevatore_Riflessi_Completo ;
+-------------------+------------------------------+


+-----------------------------------------------------------------------------------------------------------------------------------------+
; Flow Non-Default Global Settings                                                                                                        ;
+-------------------------------------+--------------------------------------------------------+---------------+-------------+------------+
; Assignment Name                     ; Value                                                  ; Default Value ; Entity Name ; Section Id ;
+-------------------------------------+--------------------------------------------------------+---------------+-------------+------------+
; COMPILER_SIGNATURE_ID               ; 193989698646168.155024389108708                        ; --            ; --          ; --         ;
; IP_TOOL_NAME                        ; LPM_COUNTER                                            ; --            ; --          ; --         ;
; IP_TOOL_VERSION                     ; 11.1                                                   ; --            ; --          ; --         ;
; MAX_CORE_JUNCTION_TEMP              ; 85                                                     ; --            ; --          ; --         ;
; MIN_CORE_JUNCTION_TEMP              ; 0                                                      ; --            ; --          ; --         ;
; MISC_FILE                           ; counter_tempo_riflessi.bsf                             ; --            ; --          ; --         ;
; MISC_FILE                           ; counter_tempo_riflessi.cmp                             ; --            ; --          ; --         ;
; PARTITION_COLOR                     ; 16764057                                               ; --            ; --          ; Top        ;
; PARTITION_FITTER_PRESERVATION_LEVEL ; PLACEMENT_AND_ROUTING                                  ; --            ; --          ; Top        ;
; PARTITION_NETLIST_TYPE              ; SOURCE                                                 ; --            ; --          ; Top        ;
; SEARCH_PATH                         ; c:/users/valer/desktop/rr_progetto/random_time_gen     ; --            ; --          ; --         ;
; SEARCH_PATH                         ; c:/users/valer/desktop/rr_progetto/rilevatore riflessi ; --            ; --          ; --         ;
; SEARCH_PATH                         ; c:/users/valer/desktop/rr_progetto/pilotaggio_led2     ; --            ; --          ; --         ;
; SEARCH_PATH                         ; c:/users/valer/desktop/rr_progetto/dec_command         ; --            ; --          ; --         ;
+-------------------------------------+--------------------------------------------------------+---------------+-------------+------------+


+-------------------------------------------------------------------------------------------------------------------------------+
; Flow Elapsed Time                                                                                                             ;
+---------------------------+--------------+-------------------------+---------------------+------------------------------------+
; Module Name               ; Elapsed Time ; Average Processors Used ; Peak Virtual Memory ; Total CPU Time (on all processors) ;
+---------------------------+--------------+-------------------------+---------------------+------------------------------------+
; Analysis & Synthesis      ; 00:00:06     ; 1.0                     ; 382 MB              ; 00:00:04                           ;
; Fitter                    ; 00:00:10     ; 1.0                     ; 453 MB              ; 00:00:09                           ;
; TimeQuest Timing Analyzer ; 00:00:02     ; 1.0                     ; 334 MB              ; 00:00:02                           ;
; Assembler                 ; 00:00:02     ; 1.0                     ; 374 MB              ; 00:00:03                           ;
; Total                     ; 00:00:20     ; --                      ; --                  ; 00:00:18                           ;
+---------------------------+--------------+-------------------------+---------------------+------------------------------------+


+----------------------------------------------------------------------------------------+
; Flow OS Summary                                                                        ;
+---------------------------+------------------+-----------+------------+----------------+
; Module Name               ; Machine Hostname ; OS Name   ; OS Version ; Processor type ;
+---------------------------+------------------+-----------+------------+----------------+
; Analysis & Synthesis      ; DESKTOP-OTM70VD  ; Windows 7 ; 6.2        ; x86_64         ;
; Fitter                    ; DESKTOP-OTM70VD  ; Windows 7 ; 6.2        ; x86_64         ;
; TimeQuest Timing Analyzer ; DESKTOP-OTM70VD  ; Windows 7 ; 6.2        ; x86_64         ;
; Assembler                 ; DESKTOP-OTM70VD  ; Windows 7 ; 6.2        ; x86_64         ;
+---------------------------+------------------+-----------+------------+----------------+


------------
; Flow Log ;
------------
quartus_map --read_settings_files=on --write_settings_files=off Rilevatore_Riflessi_Completo -c Rilevatore_Riflessi_Completo
quartus_fit --read_settings_files=off --write_settings_files=off Rilevatore_Riflessi_Completo -c Rilevatore_Riflessi_Completo
quartus_sta Rilevatore_Riflessi_Completo -c Rilevatore_Riflessi_Completo
quartus_asm --read_settings_files=off --write_settings_files=off Rilevatore_Riflessi_Completo -c Rilevatore_Riflessi_Completo



