Analysis & Synthesis report for output_encoder
Mon Jan 14 13:38:46 2019
Quartus II 32-bit Version 11.1 Build 259 01/25/2012 Service Pack 2 SJ Web Edition


---------------------
; Table of Contents ;
---------------------
  1. Legal Notice
  2. Analysis & Synthesis Summary
  3. Analysis & Synthesis Settings
  4. Parallel Compilation
  5. Analysis & Synthesis IP Cores Summary
  6. Analysis & Synthesis Messages



----------------
; Legal Notice ;
----------------
Copyright (C) 1991-2011 Altera Corporation
Your use of Altera Corporation's design tools, logic functions 
and other software and tools, and its AMPP partner logic 
functions, and any output files from any of the foregoing 
(including device programming or simulation files), and any 
associated documentation or information are expressly subject 
to the terms and conditions of the Altera Program License 
Subscription Agreement, Altera MegaCore Function License 
Agreement, or other applicable license agreement, including, 
without limitation, that your use is for the sole purpose of 
programming logic devices manufactured by Altera and sold by 
Altera or its authorized distributors.  Please refer to the 
applicable agreement for further details.



+------------------------------------------------------------------------------------+
; Analysis & Synthesis Summary                                                       ;
+------------------------------------+-----------------------------------------------+
; Analysis & Synthesis Status        ; Failed - Mon Jan 14 13:38:46 2019             ;
; Quartus II 32-bit Version          ; 11.1 Build 259 01/25/2012 SP 2 SJ Web Edition ;
; Revision Name                      ; output_encoder                                ;
; Top-level Entity Name              ; output_encoder                                ;
; Family                             ; Cyclone II                                    ;
; Total logic elements               ; N/A until Partition Merge                     ;
;     Total combinational functions  ; N/A until Partition Merge                     ;
;     Dedicated logic registers      ; N/A until Partition Merge                     ;
; Total registers                    ; N/A until Partition Merge                     ;
; Total pins                         ; N/A until Partition Merge                     ;
; Total virtual pins                 ; N/A until Partition Merge                     ;
; Total memory bits                  ; N/A until Partition Merge                     ;
; Embedded Multiplier 9-bit elements ; N/A until Partition Merge                     ;
; Total PLLs                         ; N/A until Partition Merge                     ;
+------------------------------------+-----------------------------------------------+


+----------------------------------------------------------------------------------------------------------------------+
; Analysis & Synthesis Settings                                                                                        ;
+----------------------------------------------------------------------------+--------------------+--------------------+
; Option                                                                     ; Setting            ; Default Value      ;
+----------------------------------------------------------------------------+--------------------+--------------------+
; Top-level entity name                                                      ; output_encoder     ; output_encoder     ;
; Family name                                                                ; Cyclone II         ; Cyclone IV GX      ;
; Use smart compilation                                                      ; Off                ; Off                ;
; Enable parallel Assembler and TimeQuest Timing Analyzer during compilation ; On                 ; On                 ;
; Enable compact report table                                                ; Off                ; Off                ;
; Restructure Multiplexers                                                   ; Auto               ; Auto               ;
; Create Debugging Nodes for IP Cores                                        ; Off                ; Off                ;
; Preserve fewer node names                                                  ; On                 ; On                 ;
; Disable OpenCore Plus hardware evaluation                                  ; Off                ; Off                ;
; Verilog Version                                                            ; Verilog_2001       ; Verilog_2001       ;
; VHDL Version                                                               ; VHDL_1993          ; VHDL_1993          ;
; State Machine Processing                                                   ; Auto               ; Auto               ;
; Safe State Machine                                                         ; Off                ; Off                ;
; Extract Verilog State Machines                                             ; On                 ; On                 ;
; Extract VHDL State Machines                                                ; On                 ; On                 ;
; Ignore Verilog initial constructs                                          ; Off                ; Off                ;
; Iteration limit for constant Verilog loops                                 ; 5000               ; 5000               ;
; Iteration limit for non-constant Verilog loops                             ; 250                ; 250                ;
; Add Pass-Through Logic to Inferred RAMs                                    ; On                 ; On                 ;
; Infer RAMs from Raw Logic                                                  ; On                 ; On                 ;
; Parallel Synthesis                                                         ; On                 ; On                 ;
; DSP Block Balancing                                                        ; Auto               ; Auto               ;
; NOT Gate Push-Back                                                         ; On                 ; On                 ;
; Power-Up Don't Care                                                        ; On                 ; On                 ;
; Remove Redundant Logic Cells                                               ; Off                ; Off                ;
; Remove Duplicate Registers                                                 ; On                 ; On                 ;
; Ignore CARRY Buffers                                                       ; Off                ; Off                ;
; Ignore CASCADE Buffers                                                     ; Off                ; Off                ;
; Ignore GLOBAL Buffers                                                      ; Off                ; Off                ;
; Ignore ROW GLOBAL Buffers                                                  ; Off                ; Off                ;
; Ignore LCELL Buffers                                                       ; Off                ; Off                ;
; Ignore SOFT Buffers                                                        ; On                 ; On                 ;
; Limit AHDL Integers to 32 Bits                                             ; Off                ; Off                ;
; Optimization Technique                                                     ; Balanced           ; Balanced           ;
; Carry Chain Length                                                         ; 70                 ; 70                 ;
; Auto Carry Chains                                                          ; On                 ; On                 ;
; Auto Open-Drain Pins                                                       ; On                 ; On                 ;
; Perform WYSIWYG Primitive Resynthesis                                      ; Off                ; Off                ;
; Auto ROM Replacement                                                       ; On                 ; On                 ;
; Auto RAM Replacement                                                       ; On                 ; On                 ;
; Auto Shift Register Replacement                                            ; Auto               ; Auto               ;
; Allow Shift Register Merging across Hierarchies                            ; Auto               ; Auto               ;
; Auto Clock Enable Replacement                                              ; On                 ; On                 ;
; Strict RAM Replacement                                                     ; Off                ; Off                ;
; Allow Synchronous Control Signals                                          ; On                 ; On                 ;
; Force Use of Synchronous Clear Signals                                     ; Off                ; Off                ;
; Auto RAM to Logic Cell Conversion                                          ; Off                ; Off                ;
; Auto Resource Sharing                                                      ; Off                ; Off                ;
; Allow Any RAM Size For Recognition                                         ; Off                ; Off                ;
; Allow Any ROM Size For Recognition                                         ; Off                ; Off                ;
; Allow Any Shift Register Size For Recognition                              ; Off                ; Off                ;
; Use LogicLock Constraints during Resource Balancing                        ; On                 ; On                 ;
; Ignore translate_off and synthesis_off directives                          ; Off                ; Off                ;
; Timing-Driven Synthesis                                                    ; Off                ; Off                ;
; Report Parameter Settings                                                  ; On                 ; On                 ;
; Report Source Assignments                                                  ; On                 ; On                 ;
; Report Connectivity Checks                                                 ; On                 ; On                 ;
; Ignore Maximum Fan-Out Assignments                                         ; Off                ; Off                ;
; Synchronization Register Chain Length                                      ; 2                  ; 2                  ;
; PowerPlay Power Optimization                                               ; Normal compilation ; Normal compilation ;
; HDL message level                                                          ; Level2             ; Level2             ;
; Suppress Register Optimization Related Messages                            ; Off                ; Off                ;
; Number of Removed Registers Reported in Synthesis Report                   ; 5000               ; 5000               ;
; Number of Inverted Registers Reported in Synthesis Report                  ; 100                ; 100                ;
; Clock MUX Protection                                                       ; On                 ; On                 ;
; Auto Gated Clock Conversion                                                ; Off                ; Off                ;
; Block Design Naming                                                        ; Auto               ; Auto               ;
; SDC constraint protection                                                  ; Off                ; Off                ;
; Synthesis Effort                                                           ; Auto               ; Auto               ;
; Shift Register Replacement - Allow Asynchronous Clear Signal               ; On                 ; On                 ;
; Analysis & Synthesis Message Level                                         ; Medium             ; Medium             ;
; Disable Register Merging Across Hierarchies                                ; Auto               ; Auto               ;
; Resource Aware Inference For Block RAM                                     ; On                 ; On                 ;
; Synthesis Seed                                                             ; 1                  ; 1                  ;
+----------------------------------------------------------------------------+--------------------+--------------------+


Parallel compilation was disabled, but you have multiple processors available. Enable parallel compilation to reduce compilation time.
+-------------------------------------+
; Parallel Compilation                ;
+----------------------------+--------+
; Processors                 ; Number ;
+----------------------------+--------+
; Number detected on machine ; 4      ;
; Maximum allowed            ; 1      ;
+----------------------------+--------+


+-------------------------------------------------------------------------------------------------------------------------------------------------------------------------------------------------+
; Analysis & Synthesis IP Cores Summary                                                                                                                                                           ;
+--------+--------------+---------+--------------+--------------+---------------------------------------------+-----------------------------------------------------------------------------------+
; Vendor ; IP Core Name ; Version ; Release Date ; License Type ; Entity Instance                             ; IP Include File                                                                   ;
+--------+--------------+---------+--------------+--------------+---------------------------------------------+-----------------------------------------------------------------------------------+
; Altera ; LPM_COUNTER  ; N/A     ; N/A          ; N/A          ; |output_encoder|out_gen_lpm_counter0:inst12 ; C:/Users/S262042/Desktop/RR_Progetto/Rilevatore Riflessi/out_gen_lpm_counter0.vhd ;
+--------+--------------+---------+--------------+--------------+---------------------------------------------+-----------------------------------------------------------------------------------+


+-------------------------------+
; Analysis & Synthesis Messages ;
+-------------------------------+
Info: *******************************************************************
Info: Running Quartus II 32-bit Analysis & Synthesis
    Info: Version 11.1 Build 259 01/25/2012 Service Pack 2 SJ Web Edition
    Info: Processing started: Mon Jan 14 13:38:44 2019
Info: Command: quartus_map --read_settings_files=on --write_settings_files=off output_encoder -c output_encoder
Warning (20028): Parallel compilation is not licensed and has been disabled
Info (12021): Found 2 design units, including 1 entities, in source file const.vhd
    Info (12022): Found design unit 1: const-gate
    Info (12023): Found entity 1: const
Info (12021): Found 1 design units, including 1 entities, in source file output_encoder.bdf
    Info (12023): Found entity 1: output_encoder
Info (12021): Found 2 design units, including 1 entities, in source file fsm_out_enc.vhd
    Info (12022): Found design unit 1: FSM_out_enc-FSM
    Info (12023): Found entity 1: FSM_out_enc
Info (12127): Elaborating entity "output_encoder" for the top level hierarchy
Info (12128): Elaborating entity "FSM_out_enc" for hierarchy "FSM_out_enc:inst10"
Warning (12125): Using design file out_gen_lpm_counter0.vhd, which is not specified as a design file for the current project, but contains definitions for 2 design units and 1 entities in project
    Info (12022): Found design unit 1: out_gen_lpm_counter0-SYN
    Info (12023): Found entity 1: out_gen_lpm_counter0
Info (12128): Elaborating entity "out_gen_lpm_counter0" for hierarchy "out_gen_lpm_counter0:inst12"
Info (12128): Elaborating entity "lpm_counter" for hierarchy "out_gen_lpm_counter0:inst12|lpm_counter:LPM_COUNTER_component"
Info (12130): Elaborated megafunction instantiation "out_gen_lpm_counter0:inst12|lpm_counter:LPM_COUNTER_component"
Info (12133): Instantiated megafunction "out_gen_lpm_counter0:inst12|lpm_counter:LPM_COUNTER_component" with the following parameter:
    Info (12134): Parameter "lpm_direction" = "UP"
    Info (12134): Parameter "lpm_port_updown" = "PORT_UNUSED"
    Info (12134): Parameter "lpm_type" = "LPM_COUNTER"
    Info (12134): Parameter "lpm_width" = "3"
Info (12021): Found 1 design units, including 1 entities, in source file db/cntr_ecj.tdf
    Info (12023): Found entity 1: cntr_ecj
Info (12128): Elaborating entity "cntr_ecj" for hierarchy "out_gen_lpm_counter0:inst12|lpm_counter:LPM_COUNTER_component|cntr_ecj:auto_generated"
Info (12128): Elaborating entity "LPM_ROM" for hierarchy "LPM_ROM:inst13"
Info (12130): Elaborated megafunction instantiation "LPM_ROM:inst13"
Info (12133): Instantiated megafunction "LPM_ROM:inst13" with the following parameter:
    Info (12134): Parameter "LPM_FILE" = "C:/Users/crist/Documents/Quartus/Rilevatore Riflessi/HEX2ASCII.hex"
    Info (12134): Parameter "LPM_NUMWORDS" = "32"
    Info (12134): Parameter "LPM_OUTDATA" = "UNREGISTERED"
    Info (12134): Parameter "LPM_WIDTH" = "8"
    Info (12134): Parameter "LPM_WIDTHAD" = "5"
Info (12128): Elaborating entity "altrom" for hierarchy "LPM_ROM:inst13|altrom:srom"
Info (12131): Elaborated megafunction instantiation "LPM_ROM:inst13|altrom:srom", which is child of megafunction instantiation "LPM_ROM:inst13"
Info (12128): Elaborating entity "altsyncram" for hierarchy "LPM_ROM:inst13|altrom:srom|altsyncram:rom_block"
Info (12131): Elaborated megafunction instantiation "LPM_ROM:inst13|altrom:srom|altsyncram:rom_block", which is child of megafunction instantiation "LPM_ROM:inst13"
Info (12021): Found 1 design units, including 1 entities, in source file db/altsyncram_vf51.tdf
    Info (12023): Found entity 1: altsyncram_vf51
Info (12128): Elaborating entity "altsyncram_vf51" for hierarchy "LPM_ROM:inst13|altrom:srom|altsyncram:rom_block|altsyncram_vf51:auto_generated"
Error (127001): Can't find Memory Initialization File or Hexadecimal (Intel-Format) File C:/Users/crist/Documents/Quartus/Rilevatore Riflessi/HEX2ASCII.hex for ROM instance 
Error (12152): Can't elaborate user hierarchy "LPM_ROM:inst13|altrom:srom|altsyncram:rom_block|altsyncram_vf51:auto_generated" File: c:/altera/11.1sp2/quartus/libraries/megafunctions/altsyncram.tdf Line: 790
Error: Quartus II 32-bit Analysis & Synthesis was unsuccessful. 2 errors, 2 warnings
    Error: Peak virtual memory: 362 megabytes
    Error: Processing ended: Mon Jan 14 13:38:46 2019
    Error: Elapsed time: 00:00:02
    Error: Total CPU time (on all processors): 00:00:02


